<?xml version="1.0" encoding="UTF-8"?>
<!-- Generated by org.testng.reporters.JUnitReportReporter -->
<testsuite hostname="DESKTOP-DHI9TBM" failures="0" tests="3" name="testcase.Saucedemo_all_TestCase" time="83.511" errors="0" timestamp="2026-06-09T12:40:51 IST" skipped="0">
  <testcase classname="testcase.Saucedemo_all_TestCase" name="login_testcase" time="28.578"/>
  <testcase classname="testcase.Saucedemo_all_TestCase" name="add_to_cart_testcase" time="21.883"/>
  <testcase classname="testcase.Saucedemo_all_TestCase" name="checkout_n_address_testcase" time="33.050"/>
</testsuite> <!-- testcase.Saucedemo_all_TestCase -->
