<?xml version="1.0" encoding="UTF-8"?>
<testng-results ignored="0" total="3" passed="3" failed="0" skipped="0">
  <reporter-output>
  </reporter-output>
  <suite started-at="2026-06-09T12:39:26 IST" name="Suite" finished-at="2026-06-09T12:40:50 IST" duration-ms="84074">
    <groups>
    </groups>
    <test started-at="2026-06-09T12:39:26 IST" name="Test" finished-at="2026-06-09T12:40:50 IST" duration-ms="84074">
      <class name="testcase.Saucedemo_all_TestCase">
        <test-method is-config="true" signature="setupReport()[pri:0, instance:testcase.Saucedemo_all_TestCase@2fc0cc3]" started-at="2026-06-09T12:39:25 IST" name="setupReport" finished-at="2026-06-09T12:39:26 IST" duration-ms="608" status="PASS">
          <reporter-output>
          </reporter-output>
        </test-method> <!-- setupReport -->
        <test-method is-config="true" signature="initialize_n_OpenBrowser(java.lang.reflect.Method)[pri:0, instance:testcase.Saucedemo_all_TestCase@2fc0cc3]" started-at="2026-06-09T12:39:26 IST" name="initialize_n_OpenBrowser" finished-at="2026-06-09T12:39:40 IST" duration-ms="14252" status="PASS">
          <params>
            <param index="0">
              <value>
                <![CDATA[public void testcase.Saucedemo_all_TestCase.login_testcase() throws java.io.IOException,java.lang.InterruptedException]]>
              </value>
            </param>
          </params>
          <reporter-output>
          </reporter-output>
        </test-method> <!-- initialize_n_OpenBrowser -->
        <test-method signature="login_testcase()[pri:0, instance:testcase.Saucedemo_all_TestCase@2fc0cc3]" started-at="2026-06-09T12:39:41 IST" name="login_testcase" finished-at="2026-06-09T12:39:53 IST" duration-ms="12528" status="PASS">
          <reporter-output>
          </reporter-output>
        </test-method> <!-- login_testcase -->
        <test-method is-config="true" signature="closerBrowser()[pri:0, instance:testcase.Saucedemo_all_TestCase@2fc0cc3]" started-at="2026-06-09T12:39:53 IST" name="closerBrowser" finished-at="2026-06-09T12:39:55 IST" duration-ms="1758" status="PASS">
          <reporter-output>
          </reporter-output>
        </test-method> <!-- closerBrowser -->
        <test-method is-config="true" signature="initialize_n_OpenBrowser(java.lang.reflect.Method)[pri:0, instance:testcase.Saucedemo_all_TestCase@2fc0cc3]" started-at="2026-06-09T12:39:55 IST" name="initialize_n_OpenBrowser" finished-at="2026-06-09T12:40:03 IST" duration-ms="8072" status="PASS">
          <params>
            <param index="0">
              <value>
                <![CDATA[public void testcase.Saucedemo_all_TestCase.add_to_cart_testcase() throws java.io.IOException,java.lang.InterruptedException]]>
              </value>
            </param>
          </params>
          <reporter-output>
          </reporter-output>
        </test-method> <!-- initialize_n_OpenBrowser -->
        <test-method signature="add_to_cart_testcase()[pri:1, instance:testcase.Saucedemo_all_TestCase@2fc0cc3]" started-at="2026-06-09T12:40:03 IST" name="add_to_cart_testcase" finished-at="2026-06-09T12:40:15 IST" duration-ms="12025" status="PASS">
          <reporter-output>
          </reporter-output>
        </test-method> <!-- add_to_cart_testcase -->
        <test-method is-config="true" signature="closerBrowser()[pri:0, instance:testcase.Saucedemo_all_TestCase@2fc0cc3]" started-at="2026-06-09T12:40:15 IST" name="closerBrowser" finished-at="2026-06-09T12:40:17 IST" duration-ms="1798" status="PASS">
          <reporter-output>
          </reporter-output>
        </test-method> <!-- closerBrowser -->
        <test-method is-config="true" signature="initialize_n_OpenBrowser(java.lang.reflect.Method)[pri:0, instance:testcase.Saucedemo_all_TestCase@2fc0cc3]" started-at="2026-06-09T12:40:17 IST" name="initialize_n_OpenBrowser" finished-at="2026-06-09T12:40:25 IST" duration-ms="8030" status="PASS">
          <params>
            <param index="0">
              <value>
                <![CDATA[public void testcase.Saucedemo_all_TestCase.checkout_n_address_testcase() throws java.io.IOException,java.lang.InterruptedException]]>
              </value>
            </param>
          </params>
          <reporter-output>
          </reporter-output>
        </test-method> <!-- initialize_n_OpenBrowser -->
        <test-method signature="checkout_n_address_testcase()[pri:2, instance:testcase.Saucedemo_all_TestCase@2fc0cc3]" started-at="2026-06-09T12:40:25 IST" name="checkout_n_address_testcase" finished-at="2026-06-09T12:40:48 IST" duration-ms="23262" status="PASS">
          <reporter-output>
          </reporter-output>
        </test-method> <!-- checkout_n_address_testcase -->
        <test-method is-config="true" signature="closerBrowser()[pri:0, instance:testcase.Saucedemo_all_TestCase@2fc0cc3]" started-at="2026-06-09T12:40:48 IST" name="closerBrowser" finished-at="2026-06-09T12:40:50 IST" duration-ms="1786" status="PASS">
          <reporter-output>
          </reporter-output>
        </test-method> <!-- closerBrowser -->
        <test-method is-config="true" signature="flushReport()[pri:0, instance:testcase.Saucedemo_all_TestCase@2fc0cc3]" started-at="2026-06-09T12:40:50 IST" name="flushReport" finished-at="2026-06-09T12:40:51 IST" duration-ms="812" status="PASS">
          <reporter-output>
          </reporter-output>
        </test-method> <!-- flushReport -->
      </class> <!-- testcase.Saucedemo_all_TestCase -->
    </test> <!-- Test -->
  </suite> <!-- Suite -->
</testng-results>
