<?xml version="1.0" encoding="UTF-8"?>
<!-- Generated by org.testng.reporters.JUnitXMLReporter -->
<testsuite ignored="0" hostname="DESKTOP-DHI9TBM" failures="0" tests="3" name="Default test" time="123.117" errors="0" timestamp="2026-06-04T12:39:57 IST">
  <testcase classname="testcase.Saucedemo_all_TestCase" name="login_testcase" time="12.442"/>
  <testcase classname="testcase.Saucedemo_all_TestCase" name="add_to_cart_testcase" time="12.065"/>
  <testcase classname="testcase.Saucedemo_all_TestCase" name="checkout_n_address_testcase" time="23.453"/>
</testsuite> <!-- Default test -->
