<?xml version="1.0" encoding="UTF-8"?>
<!-- Generated by org.testng.reporters.JUnitXMLReporter -->
<testsuite ignored="0" hostname="DESKTOP-DHI9TBM" failures="0" tests="3" name="Test" time="84.074" errors="0" timestamp="2026-06-09T12:40:50 IST">
  <testcase classname="testcase.Saucedemo_all_TestCase" name="login_testcase" time="12.528"/>
  <testcase classname="testcase.Saucedemo_all_TestCase" name="add_to_cart_testcase" time="12.025"/>
  <testcase classname="testcase.Saucedemo_all_TestCase" name="checkout_n_address_testcase" time="23.262"/>
</testsuite> <!-- Test -->
